<?xml version="1.0" encoding="UTF-8"?>
<!-- Generated by org.testng.reporters.JUnitXMLReporter -->
<testsuite hostname="geethanjali-hp" name="regressionTesting" tests="12" failures="0" timestamp="11 Jun 2021 05:19:10 GMT" time="28.273" errors="0">
  <testcase name="androidChrome" time="0.001" classname="TestNG.Android"/>
  <testcase name="androidEdge" time="0.007" classname="TestNG.Android"/>
  <testcase name="androidFirefox" time="0.001" classname="TestNG.Android"/>
  <testcase name="iosChrome" time="0.001" classname="TestNG.IOS"/>
  <testcase name="iosFirefox" time="0.001" classname="TestNG.IOS"/>
  <testcase name="iosMultipleData" time="0.001" classname="TestNG.IOS"/>
  <testcase name="iosMultipleData" time="0.0" classname="TestNG.IOS"/>
  <testcase name="iosMultipleData" time="0.001" classname="TestNG.IOS"/>
  <testcase name="desktopfirefox" time="0.0" classname="TestNG.Desktop"/>
  <testcase name="desktopChrome" time="0.0" classname="TestNG.Desktop"/>
  <testcase name="intialise123" time="2.5" classname="TestNG.listen123"/>
  <testcase name="intialise1234" time="2.004" classname="TestNG.listen1234"/>
</testsuite> <!-- regressionTesting -->
