<?xml version="1.0" encoding="UTF-8"?>
<!-- Generated by org.testng.reporters.JUnitXMLReporter -->
<testsuite hostname="geethanjali-hp" name="sanityTesting" tests="3" failures="0" timestamp="9 Apr 2021 05:49:21 GMT" time="0.021" errors="0">
  <testcase name="androidChrome" time="0.004" classname="TestNG.Android"/>
  <testcase name="desktopfirefox" time="0.002" classname="TestNG.Desktop"/>
  <testcase name="androidFirefox" time="0.003" classname="TestNG.Android"/>
</testsuite> <!-- sanityTesting -->
