<?xml version="1.0" encoding="UTF-8"?>
<!-- Generated by org.testng.reporters.JUnitXMLReporter -->
<testsuite hostname="geethanjali-hp" name="sanityTesting" tests="3" failures="0" timestamp="11 Jun 2021 05:18:41 GMT" time="0.01" errors="0">
  <testcase name="androidChrome" time="0.002" classname="TestNG.Android"/>
  <testcase name="desktopfirefox" time="0.001" classname="TestNG.Desktop"/>
  <testcase name="androidFirefox" time="0.001" classname="TestNG.Android"/>
</testsuite> <!-- sanityTesting -->
