<?xml version="1.0" encoding="UTF-8"?>
<testng-results skipped="0" failed="0" total="18" passed="18">
  <reporter-output>
  </reporter-output>
  <suite name="Suite" duration-ms="36110" started-at="2021-04-08T10:54:09Z" finished-at="2021-04-08T10:54:45Z">
    <groups>
      <group name="cucumber">
        <method signature="AbstractTestNGCucumberTests.feature(cucumber.api.testng.CucumberFeatureWrapper)[pri:0, instance:testRunner.TestRunner@55b699ef]" name="feature" class="cucumber.api.testng.AbstractTestNGCucumberTests"/>
      </group> <!-- cucumber -->
      <group name="smoke">
        <method signature="Android.z()[pri:0, instance:TestNG.Android@6c64cb25]" name="z" class="TestNG.Android"/>
        <method signature="Desktop.desktopChrome()[pri:0, instance:TestNG.Desktop@6ae5aa72]" name="desktopChrome" class="TestNG.Desktop"/>
        <method signature="IOS.iosChrome()[pri:0, instance:TestNG.IOS@5b239d7d]" name="iosChrome" class="TestNG.IOS"/>
        <method signature="Android.z()[pri:0, instance:TestNG.Android@c8c12ac]" name="z" class="TestNG.Android"/>
        <method signature="Android.z()[pri:0, instance:TestNG.Android@799f10e1]" name="z" class="TestNG.Android"/>
        <method signature="Desktop.desktopChrome()[pri:0, instance:TestNG.Desktop@145f66e3]" name="desktopChrome" class="TestNG.Desktop"/>
        <method signature="IOS.iosChrome()[pri:0, instance:TestNG.IOS@18078bef]" name="iosChrome" class="TestNG.IOS"/>
      </group> <!-- smoke -->
      <group name="sanity">
        <method signature="Android.androidFirefox()[pri:0, instance:TestNG.Android@c8c12ac]" name="androidFirefox" class="TestNG.Android"/>
        <method signature="Desktop.desktopfirefox()[pri:0, instance:TestNG.Desktop@6adbc9d]" name="desktopfirefox" class="TestNG.Desktop"/>
        <method signature="Android.androidFirefox()[pri:0, instance:TestNG.Android@799f10e1]" name="androidFirefox" class="TestNG.Android"/>
        <method signature="Desktop.desktopfirefox()[pri:0, instance:TestNG.Desktop@145f66e3]" name="desktopfirefox" class="TestNG.Desktop"/>
      </group> <!-- sanity -->
    </groups>
    <test name="smokeTesting" duration-ms="49" started-at="2021-04-08T10:54:09Z" finished-at="2021-04-08T10:54:09Z">
      <class name="TestNG.IOS">
        <test-method status="PASS" signature="iosChrome()[pri:0, instance:TestNG.IOS@5b239d7d]" name="iosChrome" duration-ms="0" started-at="2021-04-08T16:24:09Z" finished-at="2021-04-08T16:24:09Z">
          <reporter-output>
          </reporter-output>
        </test-method> <!-- iosChrome -->
      </class> <!-- TestNG.IOS -->
      <class name="TestNG.Android">
        <test-method status="PASS" signature="z()[pri:0, instance:TestNG.Android@6c64cb25]" name="z" duration-ms="26" started-at="2021-04-08T16:24:09Z" finished-at="2021-04-08T16:24:09Z">
          <reporter-output>
          </reporter-output>
        </test-method> <!-- z -->
      </class> <!-- TestNG.Android -->
      <class name="TestNG.Desktop">
        <test-method status="PASS" signature="desktopChrome()[pri:0, instance:TestNG.Desktop@6ae5aa72]" name="desktopChrome" duration-ms="0" started-at="2021-04-08T16:24:09Z" finished-at="2021-04-08T16:24:09Z">
          <reporter-output>
          </reporter-output>
        </test-method> <!-- desktopChrome -->
      </class> <!-- TestNG.Desktop -->
    </test> <!-- smokeTesting -->
    <test name="sanityTesting" duration-ms="18" started-at="2021-04-08T10:54:09Z" finished-at="2021-04-08T10:54:09Z">
      <class name="TestNG.Android">
        <test-method status="PASS" signature="z()[pri:0, instance:TestNG.Android@c8c12ac]" name="z" duration-ms="14" started-at="2021-04-08T16:24:09Z" finished-at="2021-04-08T16:24:09Z">
          <reporter-output>
          </reporter-output>
        </test-method> <!-- z -->
        <test-method status="PASS" signature="androidFirefox()[pri:0, instance:TestNG.Android@c8c12ac]" name="androidFirefox" duration-ms="0" started-at="2021-04-08T16:24:09Z" depends-on-methods="TestNG.Android.z" finished-at="2021-04-08T16:24:09Z">
          <reporter-output>
          </reporter-output>
        </test-method> <!-- androidFirefox -->
      </class> <!-- TestNG.Android -->
      <class name="TestNG.Desktop">
        <test-method status="PASS" signature="desktopfirefox()[pri:0, instance:TestNG.Desktop@6adbc9d]" name="desktopfirefox" duration-ms="1" started-at="2021-04-08T16:24:09Z" finished-at="2021-04-08T16:24:09Z">
          <reporter-output>
          </reporter-output>
        </test-method> <!-- desktopfirefox -->
      </class> <!-- TestNG.Desktop -->
    </test> <!-- sanityTesting -->
    <test name="regressionTesting" duration-ms="36015" started-at="2021-04-08T10:54:09Z" finished-at="2021-04-08T10:54:45Z">
      <class name="testRunner.TestRunner">
        <test-method status="PASS" signature="setUpClass()[pri:0, instance:testRunner.TestRunner@55b699ef]" name="setUpClass" is-config="true" duration-ms="475" started-at="2021-04-08T16:24:23Z" finished-at="2021-04-08T16:24:24Z">
          <reporter-output>
          </reporter-output>
        </test-method> <!-- setUpClass -->
        <test-method status="PASS" signature="feature(cucumber.api.testng.CucumberFeatureWrapper)[pri:0, instance:testRunner.TestRunner@55b699ef]" name="feature" duration-ms="19954" started-at="2021-04-08T16:24:24Z" description="Runs Cucumber Feature" data-provider="features" finished-at="2021-04-08T16:24:44Z">
          <params>
            <param index="0">
              <value>
                <![CDATA[Login]]>
              </value>
            </param>
          </params>
          <reporter-output>
          </reporter-output>
        </test-method> <!-- feature -->
        <test-method status="PASS" signature="tearDownClass()[pri:0, instance:testRunner.TestRunner@55b699ef]" name="tearDownClass" is-config="true" duration-ms="22" started-at="2021-04-08T16:24:44Z" finished-at="2021-04-08T16:24:44Z">
          <reporter-output>
          </reporter-output>
        </test-method> <!-- tearDownClass -->
      </class> <!-- testRunner.TestRunner -->
      <class name="TestNG.IOS">
        <test-method status="PASS" signature="iosChrome()[pri:0, instance:TestNG.IOS@18078bef]" name="iosChrome" duration-ms="1" started-at="2021-04-08T16:24:22Z" finished-at="2021-04-08T16:24:22Z">
          <reporter-output>
          </reporter-output>
        </test-method> <!-- iosChrome -->
        <test-method status="PASS" signature="iosMultipleData(java.lang.String, java.lang.String)[pri:0, instance:TestNG.IOS@18078bef]" name="iosMultipleData" duration-ms="0" started-at="2021-04-08T16:24:22Z" data-provider="getdata" finished-at="2021-04-08T16:24:22Z">
          <params>
            <param index="0">
              <value>
                <![CDATA[Karnataka]]>
              </value>
            </param>
            <param index="1">
              <value>
                <![CDATA[Bangalore]]>
              </value>
            </param>
          </params>
          <reporter-output>
          </reporter-output>
        </test-method> <!-- iosMultipleData -->
        <test-method status="PASS" signature="iosMultipleData(java.lang.String, java.lang.String)[pri:0, instance:TestNG.IOS@18078bef]" name="iosMultipleData" duration-ms="0" started-at="2021-04-08T16:24:22Z" data-provider="getdata" finished-at="2021-04-08T16:24:22Z">
          <params>
            <param index="0">
              <value>
                <![CDATA[Assam]]>
              </value>
            </param>
            <param index="1">
              <value>
                <![CDATA[dispur]]>
              </value>
            </param>
          </params>
          <reporter-output>
          </reporter-output>
        </test-method> <!-- iosMultipleData -->
        <test-method status="PASS" signature="iosMultipleData(java.lang.String, java.lang.String)[pri:0, instance:TestNG.IOS@18078bef]" name="iosMultipleData" duration-ms="1" started-at="2021-04-08T16:24:22Z" data-provider="getdata" finished-at="2021-04-08T16:24:22Z">
          <params>
            <param index="0">
              <value>
                <![CDATA[Tamilnadu]]>
              </value>
            </param>
            <param index="1">
              <value>
                <![CDATA[Chennai]]>
              </value>
            </param>
          </params>
          <reporter-output>
          </reporter-output>
        </test-method> <!-- iosMultipleData -->
        <test-method status="PASS" signature="iosFirefox(java.lang.String)[pri:0, instance:TestNG.IOS@18078bef]" name="iosFirefox" duration-ms="1" started-at="2021-04-08T16:24:22Z" finished-at="2021-04-08T16:24:22Z">
          <params>
            <param index="0">
              <value>
                <![CDATA[facebook]]>
              </value>
            </param>
          </params>
          <reporter-output>
          </reporter-output>
        </test-method> <!-- iosFirefox -->
      </class> <!-- TestNG.IOS -->
      <class name="TestNG.listen123">
        <test-method status="PASS" signature="intializing()[pri:0, instance:TestNG.listen123@4c371370]" name="intializing" is-config="true" duration-ms="13818" started-at="2021-04-08T16:24:09Z" finished-at="2021-04-08T16:24:22Z">
          <reporter-output>
          </reporter-output>
        </test-method> <!-- intializing -->
        <test-method status="PASS" signature="intialise123()[pri:0, instance:TestNG.listen123@4c371370]" name="intialise123" duration-ms="776" started-at="2021-04-08T16:24:22Z" finished-at="2021-04-08T16:24:23Z">
          <reporter-output>
          </reporter-output>
        </test-method> <!-- intialise123 -->
        <test-method status="PASS" signature="inti2()[pri:0, instance:TestNG.listen123@4c371370]" name="inti2" is-config="true" duration-ms="801" started-at="2021-04-08T16:24:44Z" finished-at="2021-04-08T16:24:45Z">
          <reporter-output>
          </reporter-output>
        </test-method> <!-- inti2 -->
      </class> <!-- TestNG.listen123 -->
      <class name="TestNG.Android">
        <test-method status="PASS" signature="androidEdge()[pri:0, instance:TestNG.Android@799f10e1]" name="androidEdge" duration-ms="11" started-at="2021-04-08T16:24:22Z" finished-at="2021-04-08T16:24:22Z">
          <reporter-output>
          </reporter-output>
        </test-method> <!-- androidEdge -->
        <test-method status="PASS" signature="z()[pri:0, instance:TestNG.Android@799f10e1]" name="z" duration-ms="1" started-at="2021-04-08T16:24:22Z" finished-at="2021-04-08T16:24:22Z">
          <reporter-output>
          </reporter-output>
        </test-method> <!-- z -->
        <test-method status="PASS" signature="androidFirefox()[pri:0, instance:TestNG.Android@799f10e1]" name="androidFirefox" duration-ms="0" started-at="2021-04-08T16:24:22Z" depends-on-methods="TestNG.Android.z" finished-at="2021-04-08T16:24:22Z">
          <reporter-output>
          </reporter-output>
        </test-method> <!-- androidFirefox -->
      </class> <!-- TestNG.Android -->
      <class name="TestNG.Desktop">
        <test-method status="PASS" signature="desktopfirefox()[pri:0, instance:TestNG.Desktop@145f66e3]" name="desktopfirefox" duration-ms="1" started-at="2021-04-08T16:24:22Z" finished-at="2021-04-08T16:24:22Z">
          <reporter-output>
          </reporter-output>
        </test-method> <!-- desktopfirefox -->
        <test-method status="PASS" signature="desktopChrome()[pri:0, instance:TestNG.Desktop@145f66e3]" name="desktopChrome" duration-ms="1" started-at="2021-04-08T16:24:22Z" finished-at="2021-04-08T16:24:22Z">
          <reporter-output>
          </reporter-output>
        </test-method> <!-- desktopChrome -->
      </class> <!-- TestNG.Desktop -->
    </test> <!-- regressionTesting -->
  </suite> <!-- Suite -->
</testng-results>
