<?xml version="1.0" encoding="UTF-8" ?>
<testsuite tests="18" failures="0" name="TestSuite" time="37.996" errors="0" skipped="0">
  <properties>
[...]
</properties>
  <testcase classname="TestNG.Android" name="z" time="0.026"/>
  <testcase classname="TestNG.IOS" name="iosChrome" time="0"/>
  <testcase classname="TestNG.Desktop" name="desktopChrome" time="0"/>
  <testcase classname="TestNG.Android" name="z" time="0.014"/>
  <testcase classname="TestNG.Desktop" name="desktopfirefox" time="0.001"/>
  <testcase classname="TestNG.Android" name="androidFirefox" time="0"/>
  <testcase classname="TestNG.Android" name="androidEdge" time="0.01"/>
  <testcase classname="TestNG.Android" name="z" time="0.002"/>
  <testcase classname="TestNG.Android" name="androidFirefox" time="0.001"/>
  <testcase classname="TestNG.IOS" name="iosChrome" time="0.001"/>
  <testcase classname="TestNG.IOS" name="iosMultipleData" time="0"/>
  <testcase classname="TestNG.IOS" name="iosMultipleData" time="0"/>
  <testcase classname="TestNG.IOS" name="iosMultipleData" time="0"/>
  <testcase classname="TestNG.IOS" name="iosFirefox" time="0.001"/>
  <testcase classname="TestNG.Desktop" name="desktopfirefox" time="0"/>
  <testcase classname="TestNG.Desktop" name="desktopChrome" time="0"/>
  <testcase classname="TestNG.listen123" name="intialise123" time="0.776"/>
  <testcase classname="testRunner.TestRunner" name="feature" time="19.955"/>
</testsuite>