<?xml version="1.0" encoding="UTF-8"?>
<testng-results skipped="0" failed="0" total="1" passed="1">
  <reporter-output>
  </reporter-output>
  <suite name="Default suite" duration-ms="1194" started-at="2021-04-11T07:53:38Z" finished-at="2021-04-11T07:53:40Z">
    <groups>
    </groups>
    <test name="Default test" duration-ms="1194" started-at="2021-04-11T07:53:38Z" finished-at="2021-04-11T07:53:40Z">
      <class name="TestNG.DataDriven1">
        <test-method status="PASS" signature="dd()[pri:0, instance:TestNG.DataDriven1@20322d26]" name="dd" duration-ms="1169" started-at="2021-04-11T13:23:38Z" finished-at="2021-04-11T13:23:40Z">
          <reporter-output>
          </reporter-output>
        </test-method> <!-- dd -->
      </class> <!-- TestNG.DataDriven1 -->
    </test> <!-- Default test -->
  </suite> <!-- Default suite -->
</testng-results>
